{"E:\\2024\\02\\PT Elang\\Job-Portal\\server\\app.js": {"path":"E:\\2024\\02\\PT Elang\\Job-Portal\\server\\app.js","statementMap":{"0":{"start":{"line":1,"column":0},"end":{"line":1,"column":27}},"1":{"start":{"line":2,"column":0},"end":{"line":2,"column":36}},"2":{"start":{"line":3,"column":16},"end":{"line":3,"column":34}},"3":{"start":{"line":4,"column":21},"end":{"line":4,"column":45}},"4":{"start":{"line":5,"column":13},"end":{"line":5,"column":28}},"5":{"start":{"line":6,"column":22},"end":{"line":6,"column":55}},"6":{"start":{"line":7,"column":22},"end":{"line":7,"column":62}},"7":{"start":{"line":8,"column":24},"end":{"line":8,"column":67}},"8":{"start":{"line":9,"column":15},"end":{"line":9,"column":44}},"9":{"start":{"line":11,"column":12},"end":{"line":11,"column":21}},"10":{"start":{"line":13,"column":0},"end":{"line":13,"column":24}},"11":{"start":{"line":14,"column":0},"end":{"line":14,"column":48}},"12":{"start":{"line":15,"column":0},"end":{"line":15,"column":24}},"13":{"start":{"line":16,"column":0},"end":{"line":16,"column":16}},"14":{"start":{"line":18,"column":0},"end":{"line":22,"column":2}},"15":{"start":{"line":24,"column":0},"end":{"line":24,"column":16}},"16":{"start":{"line":26,"column":0},"end":{"line":29,"column":3}},"17":{"start":{"line":27,"column":22},"end":{"line":27,"column":37}},"18":{"start":{"line":28,"column":5},"end":{"line":28,"column":70}},"19":{"start":{"line":30,"column":0},"end":{"line":30,"column":25}},"20":{"start":{"line":32,"column":0},"end":{"line":32,"column":21}}},"fnMap":{"0":{"name":"(anonymous_0)","decl":{"start":{"line":26,"column":13},"end":{"line":26,"column":14}},"loc":{"start":{"line":26,"column":33},"end":{"line":29,"column":1}},"line":26}},"branchMap":{},"s":{"0":2,"1":2,"2":2,"3":2,"4":2,"5":2,"6":2,"7":2,"8":2,"9":2,"10":2,"11":2,"12":2,"13":2,"14":2,"15":2,"16":2,"17":1,"18":1,"19":2,"20":2},"f":{"0":1},"b":{},"_coverageSchema":"1a1c01bbd47fc00a2c39e90264f33305004495a9","hash":"a25b893fca5da66046be786e720555edd9525f82"}
,"E:\\2024\\02\\PT Elang\\Job-Portal\\server\\src\\controllers\\userController.js": {"path":"E:\\2024\\02\\PT Elang\\Job-Portal\\server\\src\\controllers\\userController.js","statementMap":{"0":{"start":{"line":1,"column":20},"end":{"line":1,"column":54}},"1":{"start":{"line":3,"column":17},"end":{"line":22,"column":1}},"2":{"start":{"line":4,"column":5},"end":{"line":21,"column":6}},"3":{"start":{"line":5,"column":26},"end":{"line":10,"column":11}},"4":{"start":{"line":12,"column":27},"end":{"line":12,"column":62}},"5":{"start":{"line":14,"column":10},"end":{"line":18,"column":13}},"6":{"start":{"line":20,"column":10},"end":{"line":20,"column":22}},"7":{"start":{"line":24,"column":14},"end":{"line":46,"column":1}},"8":{"start":{"line":25,"column":5},"end":{"line":45,"column":6}},"9":{"start":{"line":26,"column":26},"end":{"line":29,"column":11}},"10":{"start":{"line":31,"column":27},"end":{"line":31,"column":59}},"11":{"start":{"line":33,"column":10},"end":{"line":42,"column":18}},"12":{"start":{"line":44,"column":10},"end":{"line":44,"column":22}},"13":{"start":{"line":48,"column":0},"end":{"line":48,"column":37}}},"fnMap":{"0":{"name":"(anonymous_0)","decl":{"start":{"line":3,"column":17},"end":{"line":3,"column":18}},"loc":{"start":{"line":3,"column":43},"end":{"line":22,"column":1}},"line":3},"1":{"name":"(anonymous_1)","decl":{"start":{"line":24,"column":14},"end":{"line":24,"column":15}},"loc":{"start":{"line":24,"column":40},"end":{"line":46,"column":1}},"line":24}},"branchMap":{},"s":{"0":2,"1":2,"2":3,"3":3,"4":3,"5":1,"6":2,"7":2,"8":2,"9":2,"10":2,"11":1,"12":1,"13":2},"f":{"0":3,"1":2},"b":{},"_coverageSchema":"1a1c01bbd47fc00a2c39e90264f33305004495a9","hash":"a923f05383c2463b6bd8144d0a22774754497b09"}
,"E:\\2024\\02\\PT Elang\\Job-Portal\\server\\src\\middlewares\\errorMidleware.js": {"path":"E:\\2024\\02\\PT Elang\\Job-Portal\\server\\src\\middlewares\\errorMidleware.js","statementMap":{"0":{"start":{"line":1,"column":22},"end":{"line":1,"column":59}},"1":{"start":{"line":3,"column":24},"end":{"line":23,"column":1}},"2":{"start":{"line":4,"column":5},"end":{"line":22,"column":6}},"3":{"start":{"line":5,"column":10},"end":{"line":8,"column":11}},"4":{"start":{"line":6,"column":15},"end":{"line":6,"column":22}},"5":{"start":{"line":7,"column":15},"end":{"line":7,"column":22}},"6":{"start":{"line":9,"column":10},"end":{"line":19,"column":11}},"7":{"start":{"line":10,"column":15},"end":{"line":13,"column":18}},"8":{"start":{"line":15,"column":15},"end":{"line":18,"column":18}},"9":{"start":{"line":21,"column":10},"end":{"line":21,"column":22}},"10":{"start":{"line":25,"column":0},"end":{"line":25,"column":33}}},"fnMap":{"0":{"name":"(anonymous_0)","decl":{"start":{"line":3,"column":24},"end":{"line":3,"column":25}},"loc":{"start":{"line":3,"column":55},"end":{"line":23,"column":1}},"line":3}},"branchMap":{"0":{"loc":{"start":{"line":5,"column":10},"end":{"line":8,"column":11}},"type":"if","locations":[{"start":{"line":5,"column":10},"end":{"line":8,"column":11}},{"start":{},"end":{}}],"line":5},"1":{"loc":{"start":{"line":9,"column":10},"end":{"line":19,"column":11}},"type":"if","locations":[{"start":{"line":9,"column":10},"end":{"line":19,"column":11}},{"start":{"line":14,"column":17},"end":{"line":19,"column":11}}],"line":9}},"s":{"0":2,"1":2,"2":4,"3":4,"4":0,"5":0,"6":4,"7":4,"8":0,"9":0,"10":2},"f":{"0":4},"b":{"0":[0,4],"1":[4,0]},"_coverageSchema":"1a1c01bbd47fc00a2c39e90264f33305004495a9","hash":"158bf3478a9c9ccc62336c2d447d3fd7057715b4"}
,"E:\\2024\\02\\PT Elang\\Job-Portal\\server\\src\\models\\userModel.js": {"path":"E:\\2024\\02\\PT Elang\\Job-Portal\\server\\src\\models\\userModel.js","statementMap":{"0":{"start":{"line":1,"column":17},"end":{"line":1,"column":36}},"1":{"start":{"line":3,"column":26},"end":{"line":3,"column":34}},"2":{"start":{"line":5,"column":19},"end":{"line":26,"column":1}},"3":{"start":{"line":28,"column":0},"end":{"line":28,"column":43}}},"fnMap":{},"branchMap":{},"s":{"0":2,"1":2,"2":2,"3":2},"f":{},"b":{},"_coverageSchema":"1a1c01bbd47fc00a2c39e90264f33305004495a9","hash":"4964fae37a431aaab5f50bb313891051c392c25d"}
,"E:\\2024\\02\\PT Elang\\Job-Portal\\server\\src\\repositories\\userRepository.js": {"path":"E:\\2024\\02\\PT Elang\\Job-Portal\\server\\src\\repositories\\userRepository.js","statementMap":{"0":{"start":{"line":1,"column":13},"end":{"line":1,"column":43}},"1":{"start":{"line":3,"column":17},"end":{"line":6,"column":1}},"2":{"start":{"line":4,"column":20},"end":{"line":4,"column":46}},"3":{"start":{"line":5,"column":5},"end":{"line":5,"column":19}},"4":{"start":{"line":8,"column":19},"end":{"line":11,"column":1}},"5":{"start":{"line":9,"column":20},"end":{"line":9,"column":43}},"6":{"start":{"line":10,"column":5},"end":{"line":10,"column":19}},"7":{"start":{"line":13,"column":0},"end":{"line":16,"column":2}}},"fnMap":{"0":{"name":"(anonymous_0)","decl":{"start":{"line":3,"column":17},"end":{"line":3,"column":18}},"loc":{"start":{"line":3,"column":34},"end":{"line":6,"column":1}},"line":3},"1":{"name":"(anonymous_1)","decl":{"start":{"line":8,"column":19},"end":{"line":8,"column":20}},"loc":{"start":{"line":8,"column":35},"end":{"line":11,"column":1}},"line":8}},"branchMap":{},"s":{"0":2,"1":2,"2":4,"3":4,"4":2,"5":1,"6":1,"7":2},"f":{"0":4,"1":1},"b":{},"_coverageSchema":"1a1c01bbd47fc00a2c39e90264f33305004495a9","hash":"4f881c07763b9ac93f49bc589733d4659834fffc"}
,"E:\\2024\\02\\PT Elang\\Job-Portal\\server\\src\\routes\\index.js": {"path":"E:\\2024\\02\\PT Elang\\Job-Portal\\server\\src\\routes\\index.js","statementMap":{"0":{"start":{"line":1,"column":16},"end":{"line":1,"column":34}},"1":{"start":{"line":2,"column":19},"end":{"line":2,"column":42}},"2":{"start":{"line":4,"column":15},"end":{"line":4,"column":31}},"3":{"start":{"line":6,"column":0},"end":{"line":8,"column":3}},"4":{"start":{"line":7,"column":5},"end":{"line":7,"column":30}},"5":{"start":{"line":10,"column":0},"end":{"line":10,"column":37}},"6":{"start":{"line":12,"column":0},"end":{"line":12,"column":24}}},"fnMap":{"0":{"name":"(anonymous_0)","decl":{"start":{"line":6,"column":16},"end":{"line":6,"column":17}},"loc":{"start":{"line":6,"column":30},"end":{"line":8,"column":1}},"line":6}},"branchMap":{},"s":{"0":2,"1":2,"2":2,"3":2,"4":1,"5":2,"6":2},"f":{"0":1},"b":{},"_coverageSchema":"1a1c01bbd47fc00a2c39e90264f33305004495a9","hash":"781d3b69ab532bbae42104639a771c5390d4d273"}
,"E:\\2024\\02\\PT Elang\\Job-Portal\\server\\src\\routes\\userRouter.js": {"path":"E:\\2024\\02\\PT Elang\\Job-Portal\\server\\src\\routes\\userRouter.js","statementMap":{"0":{"start":{"line":1,"column":16},"end":{"line":1,"column":34}},"1":{"start":{"line":2,"column":22},"end":{"line":2,"column":62}},"2":{"start":{"line":4,"column":15},"end":{"line":4,"column":31}},"3":{"start":{"line":6,"column":0},"end":{"line":6,"column":49}},"4":{"start":{"line":7,"column":0},"end":{"line":7,"column":43}},"5":{"start":{"line":9,"column":0},"end":{"line":9,"column":24}}},"fnMap":{},"branchMap":{},"s":{"0":2,"1":2,"2":2,"3":2,"4":2,"5":2},"f":{},"b":{},"_coverageSchema":"1a1c01bbd47fc00a2c39e90264f33305004495a9","hash":"77f212e51114d5d7b86842c942d9bd417a546893"}
,"E:\\2024\\02\\PT Elang\\Job-Portal\\server\\src\\services\\userService.js": {"path":"E:\\2024\\02\\PT Elang\\Job-Portal\\server\\src\\services\\userService.js","statementMap":{"0":{"start":{"line":1,"column":15},"end":{"line":1,"column":32}},"1":{"start":{"line":2,"column":12},"end":{"line":2,"column":35}},"2":{"start":{"line":3,"column":23},"end":{"line":3,"column":64}},"3":{"start":{"line":4,"column":19},"end":{"line":4,"column":53}},"4":{"start":{"line":5,"column":23},"end":{"line":5,"column":63}},"5":{"start":{"line":6,"column":22},"end":{"line":6,"column":59}},"6":{"start":{"line":8,"column":15},"end":{"line":8,"column":37}},"7":{"start":{"line":9,"column":16},"end":{"line":9,"column":39}},"8":{"start":{"line":11,"column":17},"end":{"line":29,"column":1}},"9":{"start":{"line":12,"column":23},"end":{"line":12,"column":67}},"10":{"start":{"line":14,"column":18},"end":{"line":14,"column":64}},"11":{"start":{"line":15,"column":5},"end":{"line":17,"column":6}},"12":{"start":{"line":16,"column":10},"end":{"line":16,"column":62}},"13":{"start":{"line":19,"column":5},"end":{"line":19,"column":68}},"14":{"start":{"line":20,"column":20},"end":{"line":20,"column":62}},"15":{"start":{"line":22,"column":22},"end":{"line":26,"column":6}},"16":{"start":{"line":28,"column":5},"end":{"line":28,"column":21}},"17":{"start":{"line":31,"column":14},"end":{"line":63,"column":1}},"18":{"start":{"line":32,"column":23},"end":{"line":32,"column":64}},"19":{"start":{"line":34,"column":18},"end":{"line":34,"column":64}},"20":{"start":{"line":35,"column":5},"end":{"line":37,"column":6}},"21":{"start":{"line":36,"column":10},"end":{"line":36,"column":69}},"22":{"start":{"line":39,"column":29},"end":{"line":42,"column":6}},"23":{"start":{"line":43,"column":5},"end":{"line":45,"column":6}},"24":{"start":{"line":44,"column":10},"end":{"line":44,"column":69}},"25":{"start":{"line":47,"column":19},"end":{"line":56,"column":6}},"26":{"start":{"line":58,"column":22},"end":{"line":60,"column":6}},"27":{"start":{"line":62,"column":5},"end":{"line":62,"column":21}},"28":{"start":{"line":65,"column":0},"end":{"line":68,"column":2}}},"fnMap":{"0":{"name":"(anonymous_0)","decl":{"start":{"line":11,"column":17},"end":{"line":11,"column":18}},"loc":{"start":{"line":11,"column":36},"end":{"line":29,"column":1}},"line":11},"1":{"name":"(anonymous_1)","decl":{"start":{"line":31,"column":14},"end":{"line":31,"column":15}},"loc":{"start":{"line":31,"column":33},"end":{"line":63,"column":1}},"line":31}},"branchMap":{"0":{"loc":{"start":{"line":15,"column":5},"end":{"line":17,"column":6}},"type":"if","locations":[{"start":{"line":15,"column":5},"end":{"line":17,"column":6}},{"start":{},"end":{}}],"line":15},"1":{"loc":{"start":{"line":35,"column":5},"end":{"line":37,"column":6}},"type":"if","locations":[{"start":{"line":35,"column":5},"end":{"line":37,"column":6}},{"start":{},"end":{}}],"line":35},"2":{"loc":{"start":{"line":43,"column":5},"end":{"line":45,"column":6}},"type":"if","locations":[{"start":{"line":43,"column":5},"end":{"line":45,"column":6}},{"start":{},"end":{}}],"line":43}},"s":{"0":2,"1":2,"2":2,"3":2,"4":2,"5":2,"6":2,"7":2,"8":2,"9":3,"10":2,"11":2,"12":1,"13":1,"14":1,"15":1,"16":1,"17":2,"18":2,"19":2,"20":2,"21":0,"22":2,"23":2,"24":1,"25":1,"26":1,"27":1,"28":2},"f":{"0":3,"1":2},"b":{"0":[1,1],"1":[0,2],"2":[1,1]},"_coverageSchema":"1a1c01bbd47fc00a2c39e90264f33305004495a9","hash":"9333633778375135cb60e9ac90e8990a74019524"}
,"E:\\2024\\02\\PT Elang\\Job-Portal\\server\\src\\utilities\\logging.js": {"path":"E:\\2024\\02\\PT Elang\\Job-Portal\\server\\src\\utilities\\logging.js","statementMap":{"0":{"start":{"line":1,"column":45},"end":{"line":1,"column":63}},"1":{"start":{"line":2,"column":24},"end":{"line":2,"column":60}},"2":{"start":{"line":4,"column":21},"end":{"line":12,"column":1}},"3":{"start":{"line":9,"column":10},"end":{"line":9,"column":58}},"4":{"start":{"line":14,"column":19},"end":{"line":22,"column":1}},"5":{"start":{"line":19,"column":10},"end":{"line":19,"column":55}},"6":{"start":{"line":24,"column":25},"end":{"line":26,"column":2}},"7":{"start":{"line":28,"column":22},"end":{"line":33,"column":2}},"8":{"start":{"line":35,"column":15},"end":{"line":39,"column":2}},"9":{"start":{"line":41,"column":0},"end":{"line":41,"column":24}}},"fnMap":{"0":{"name":"(anonymous_0)","decl":{"start":{"line":8,"column":19},"end":{"line":8,"column":20}},"loc":{"start":{"line":8,"column":54},"end":{"line":10,"column":6}},"line":8},"1":{"name":"(anonymous_1)","decl":{"start":{"line":18,"column":19},"end":{"line":18,"column":20}},"loc":{"start":{"line":18,"column":54},"end":{"line":20,"column":6}},"line":18}},"branchMap":{},"s":{"0":2,"1":2,"2":2,"3":2,"4":2,"5":2,"6":2,"7":2,"8":2,"9":2},"f":{"0":2,"1":2},"b":{},"_coverageSchema":"1a1c01bbd47fc00a2c39e90264f33305004495a9","hash":"60e6be275374b7f99b30d7020a39cdce1266f1e2"}
,"E:\\2024\\02\\PT Elang\\Job-Portal\\server\\src\\utilities\\mongoose.js": {"path":"E:\\2024\\02\\PT Elang\\Job-Portal\\server\\src\\utilities\\mongoose.js","statementMap":{"0":{"start":{"line":1,"column":17},"end":{"line":1,"column":36}},"1":{"start":{"line":2,"column":15},"end":{"line":2,"column":35}},"2":{"start":{"line":5,"column":14},"end":{"line":5,"column":34}},"3":{"start":{"line":7,"column":25},"end":{"line":14,"column":1}},"4":{"start":{"line":8,"column":5},"end":{"line":13,"column":6}},"5":{"start":{"line":9,"column":10},"end":{"line":9,"column":40}},"6":{"start":{"line":10,"column":10},"end":{"line":10,"column":36}},"7":{"start":{"line":12,"column":10},"end":{"line":12,"column":29}},"8":{"start":{"line":15,"column":0},"end":{"line":15,"column":19}},"9":{"start":{"line":17,"column":11},"end":{"line":17,"column":30}},"10":{"start":{"line":18,"column":0},"end":{"line":18,"column":64}},"11":{"start":{"line":19,"column":0},"end":{"line":21,"column":3}},"12":{"start":{"line":20,"column":5},"end":{"line":20,"column":39}},"13":{"start":{"line":23,"column":0},"end":{"line":23,"column":20}}},"fnMap":{"0":{"name":"(anonymous_0)","decl":{"start":{"line":7,"column":25},"end":{"line":7,"column":26}},"loc":{"start":{"line":7,"column":37},"end":{"line":14,"column":1}},"line":7},"1":{"name":"(anonymous_1)","decl":{"start":{"line":19,"column":16},"end":{"line":19,"column":17}},"loc":{"start":{"line":19,"column":22},"end":{"line":21,"column":1}},"line":19}},"branchMap":{},"s":{"0":2,"1":2,"2":2,"3":2,"4":2,"5":2,"6":1,"7":0,"8":2,"9":2,"10":2,"11":2,"12":1,"13":2},"f":{"0":2,"1":1},"b":{},"_coverageSchema":"1a1c01bbd47fc00a2c39e90264f33305004495a9","hash":"a2b9a78723e6d2e2921da39ecab26d9dbef08b57"}
,"E:\\2024\\02\\PT Elang\\Job-Portal\\server\\src\\utilities\\responseError.js": {"path":"E:\\2024\\02\\PT Elang\\Job-Portal\\server\\src\\utilities\\responseError.js","statementMap":{"0":{"start":{"line":3,"column":4},"end":{"line":3,"column":19}},"1":{"start":{"line":4,"column":4},"end":{"line":4,"column":25}},"2":{"start":{"line":8,"column":0},"end":{"line":8,"column":31}}},"fnMap":{"0":{"name":"(anonymous_0)","decl":{"start":{"line":2,"column":2},"end":{"line":2,"column":3}},"loc":{"start":{"line":2,"column":31},"end":{"line":5,"column":3}},"line":2}},"branchMap":{},"s":{"0":4,"1":4,"2":2},"f":{"0":4},"b":{},"_coverageSchema":"1a1c01bbd47fc00a2c39e90264f33305004495a9","hash":"da74a7126333b3b5776f5b74517cdf4c4144b2ee"}
,"E:\\2024\\02\\PT Elang\\Job-Portal\\server\\src\\utilities\\validation.js": {"path":"E:\\2024\\02\\PT Elang\\Job-Portal\\server\\src\\utilities\\validation.js","statementMap":{"0":{"start":{"line":1,"column":22},"end":{"line":1,"column":48}},"1":{"start":{"line":3,"column":19},"end":{"line":13,"column":1}},"2":{"start":{"line":4,"column":20},"end":{"line":7,"column":7}},"3":{"start":{"line":8,"column":5},"end":{"line":12,"column":6}},"4":{"start":{"line":9,"column":10},"end":{"line":9,"column":61}},"5":{"start":{"line":11,"column":10},"end":{"line":11,"column":30}},"6":{"start":{"line":15,"column":0},"end":{"line":15,"column":28}}},"fnMap":{"0":{"name":"(anonymous_0)","decl":{"start":{"line":3,"column":19},"end":{"line":3,"column":20}},"loc":{"start":{"line":3,"column":37},"end":{"line":13,"column":1}},"line":3}},"branchMap":{"0":{"loc":{"start":{"line":8,"column":5},"end":{"line":12,"column":6}},"type":"if","locations":[{"start":{"line":8,"column":5},"end":{"line":12,"column":6}},{"start":{"line":10,"column":12},"end":{"line":12,"column":6}}],"line":8}},"s":{"0":2,"1":2,"2":5,"3":5,"4":1,"5":4,"6":2},"f":{"0":5},"b":{"0":[1,4]},"_coverageSchema":"1a1c01bbd47fc00a2c39e90264f33305004495a9","hash":"37f433dc0e3277513c552a828fe0670250e042c1"}
,"E:\\2024\\02\\PT Elang\\Job-Portal\\server\\src\\validations\\userValidation.js": {"path":"E:\\2024\\02\\PT Elang\\Job-Portal\\server\\src\\validations\\userValidation.js","statementMap":{"0":{"start":{"line":1,"column":12},"end":{"line":1,"column":26}},"1":{"start":{"line":3,"column":17},"end":{"line":8,"column":2}},"2":{"start":{"line":10,"column":14},"end":{"line":13,"column":2}},"3":{"start":{"line":15,"column":0},"end":{"line":15,"column":37}}},"fnMap":{},"branchMap":{},"s":{"0":2,"1":2,"2":2,"3":2},"f":{},"b":{},"_coverageSchema":"1a1c01bbd47fc00a2c39e90264f33305004495a9","hash":"e848a6bb6091bdf7ec3a642b8c367d487e90595f"}
,"E:\\2024\\02\\PT Elang\\Job-Portal\\server\\test\\utility.js": {"path":"E:\\2024\\02\\PT Elang\\Job-Portal\\server\\test\\utility.js","statementMap":{"0":{"start":{"line":1,"column":15},"end":{"line":1,"column":32}},"1":{"start":{"line":2,"column":13},"end":{"line":2,"column":47}},"2":{"start":{"line":4,"column":13},"end":{"line":9,"column":1}},"3":{"start":{"line":11,"column":19},"end":{"line":14,"column":1}},"4":{"start":{"line":12,"column":5},"end":{"line":12,"column":58}},"5":{"start":{"line":13,"column":5},"end":{"line":13,"column":29}},"6":{"start":{"line":16,"column":19},"end":{"line":18,"column":1}},"7":{"start":{"line":17,"column":5},"end":{"line":17,"column":50}},"8":{"start":{"line":20,"column":0},"end":{"line":23,"column":2}}},"fnMap":{"0":{"name":"(anonymous_0)","decl":{"start":{"line":11,"column":19},"end":{"line":11,"column":20}},"loc":{"start":{"line":11,"column":31},"end":{"line":14,"column":1}},"line":11},"1":{"name":"(anonymous_1)","decl":{"start":{"line":16,"column":19},"end":{"line":16,"column":20}},"loc":{"start":{"line":16,"column":31},"end":{"line":18,"column":1}},"line":16}},"branchMap":{},"s":{"0":1,"1":1,"2":1,"3":1,"4":2,"5":2,"6":1,"7":3,"8":1},"f":{"0":2,"1":3},"b":{},"_coverageSchema":"1a1c01bbd47fc00a2c39e90264f33305004495a9","hash":"9854403b877afd7abd40012853327e685fef0a1a"}
}
