{"E:\\2024\\02\\PT Elang\\Job-Portal\\server\\app.js": {"path":"E:\\2024\\02\\PT Elang\\Job-Portal\\server\\app.js","statementMap":{"0":{"start":{"line":1,"column":0},"end":{"line":1,"column":27}},"1":{"start":{"line":2,"column":0},"end":{"line":2,"column":36}},"2":{"start":{"line":3,"column":16},"end":{"line":3,"column":34}},"3":{"start":{"line":4,"column":21},"end":{"line":4,"column":45}},"4":{"start":{"line":5,"column":22},"end":{"line":5,"column":55}},"5":{"start":{"line":6,"column":22},"end":{"line":6,"column":62}},"6":{"start":{"line":7,"column":24},"end":{"line":7,"column":67}},"7":{"start":{"line":8,"column":15},"end":{"line":8,"column":44}},"8":{"start":{"line":10,"column":12},"end":{"line":10,"column":21}},"9":{"start":{"line":12,"column":0},"end":{"line":12,"column":24}},"10":{"start":{"line":13,"column":0},"end":{"line":13,"column":48}},"11":{"start":{"line":14,"column":0},"end":{"line":18,"column":2}},"12":{"start":{"line":20,"column":0},"end":{"line":20,"column":24}},"13":{"start":{"line":22,"column":0},"end":{"line":22,"column":16}},"14":{"start":{"line":24,"column":0},"end":{"line":27,"column":3}},"15":{"start":{"line":25,"column":22},"end":{"line":25,"column":37}},"16":{"start":{"line":26,"column":5},"end":{"line":26,"column":70}},"17":{"start":{"line":28,"column":0},"end":{"line":28,"column":25}},"18":{"start":{"line":30,"column":0},"end":{"line":30,"column":21}}},"fnMap":{"0":{"name":"(anonymous_0)","decl":{"start":{"line":24,"column":13},"end":{"line":24,"column":14}},"loc":{"start":{"line":24,"column":33},"end":{"line":27,"column":1}},"line":24}},"branchMap":{},"s":{"0":1,"1":1,"2":1,"3":1,"4":1,"5":1,"6":1,"7":1,"8":1,"9":1,"10":1,"11":1,"12":1,"13":1,"14":1,"15":1,"16":1,"17":1,"18":1},"f":{"0":1},"b":{},"_coverageSchema":"1a1c01bbd47fc00a2c39e90264f33305004495a9","hash":"98fb146ee68764d30fd5c12c0b8d35b64eef5932"}
,"E:\\2024\\02\\PT Elang\\Job-Portal\\server\\src\\controllers\\userController.js": {"path":"E:\\2024\\02\\PT Elang\\Job-Portal\\server\\src\\controllers\\userController.js","statementMap":{"0":{"start":{"line":1,"column":13},"end":{"line":1,"column":43}},"1":{"start":{"line":3,"column":17},"end":{"line":24,"column":1}},"2":{"start":{"line":4,"column":5},"end":{"line":23,"column":6}},"3":{"start":{"line":5,"column":26},"end":{"line":10,"column":11}},"4":{"start":{"line":12,"column":23},"end":{"line":12,"column":40}},"5":{"start":{"line":14,"column":10},"end":{"line":14,"column":28}},"6":{"start":{"line":16,"column":10},"end":{"line":20,"column":13}},"7":{"start":{"line":22,"column":10},"end":{"line":22,"column":22}},"8":{"start":{"line":26,"column":0},"end":{"line":26,"column":30}}},"fnMap":{"0":{"name":"(anonymous_0)","decl":{"start":{"line":3,"column":17},"end":{"line":3,"column":18}},"loc":{"start":{"line":3,"column":43},"end":{"line":24,"column":1}},"line":3}},"branchMap":{},"s":{"0":1,"1":1,"2":0,"3":0,"4":0,"5":0,"6":0,"7":0,"8":1},"f":{"0":0},"b":{},"_coverageSchema":"1a1c01bbd47fc00a2c39e90264f33305004495a9","hash":"0483996dd033f770b9c918a42ca92ae73321b58e"}
,"E:\\2024\\02\\PT Elang\\Job-Portal\\server\\src\\middlewares\\errorMidleware.js": {"path":"E:\\2024\\02\\PT Elang\\Job-Portal\\server\\src\\middlewares\\errorMidleware.js","statementMap":{"0":{"start":{"line":1,"column":22},"end":{"line":1,"column":59}},"1":{"start":{"line":3,"column":24},"end":{"line":23,"column":1}},"2":{"start":{"line":4,"column":5},"end":{"line":22,"column":6}},"3":{"start":{"line":5,"column":10},"end":{"line":8,"column":11}},"4":{"start":{"line":6,"column":15},"end":{"line":6,"column":22}},"5":{"start":{"line":7,"column":15},"end":{"line":7,"column":22}},"6":{"start":{"line":9,"column":10},"end":{"line":19,"column":11}},"7":{"start":{"line":10,"column":15},"end":{"line":13,"column":18}},"8":{"start":{"line":15,"column":15},"end":{"line":18,"column":18}},"9":{"start":{"line":21,"column":10},"end":{"line":21,"column":22}},"10":{"start":{"line":25,"column":0},"end":{"line":25,"column":33}}},"fnMap":{"0":{"name":"(anonymous_0)","decl":{"start":{"line":3,"column":24},"end":{"line":3,"column":25}},"loc":{"start":{"line":3,"column":55},"end":{"line":23,"column":1}},"line":3}},"branchMap":{"0":{"loc":{"start":{"line":5,"column":10},"end":{"line":8,"column":11}},"type":"if","locations":[{"start":{"line":5,"column":10},"end":{"line":8,"column":11}},{"start":{},"end":{}}],"line":5},"1":{"loc":{"start":{"line":9,"column":10},"end":{"line":19,"column":11}},"type":"if","locations":[{"start":{"line":9,"column":10},"end":{"line":19,"column":11}},{"start":{"line":14,"column":17},"end":{"line":19,"column":11}}],"line":9}},"s":{"0":1,"1":1,"2":1,"3":1,"4":0,"5":0,"6":1,"7":1,"8":0,"9":0,"10":1},"f":{"0":1},"b":{"0":[0,1],"1":[1,0]},"_coverageSchema":"1a1c01bbd47fc00a2c39e90264f33305004495a9","hash":"158bf3478a9c9ccc62336c2d447d3fd7057715b4"}
,"E:\\2024\\02\\PT Elang\\Job-Portal\\server\\src\\models\\userModel.js": {"path":"E:\\2024\\02\\PT Elang\\Job-Portal\\server\\src\\models\\userModel.js","statementMap":{"0":{"start":{"line":1,"column":17},"end":{"line":1,"column":36}},"1":{"start":{"line":3,"column":26},"end":{"line":3,"column":34}},"2":{"start":{"line":5,"column":19},"end":{"line":25,"column":1}},"3":{"start":{"line":27,"column":0},"end":{"line":27,"column":43}}},"fnMap":{},"branchMap":{},"s":{"0":1,"1":1,"2":1,"3":1},"f":{},"b":{},"_coverageSchema":"1a1c01bbd47fc00a2c39e90264f33305004495a9","hash":"5b4377f35e8399fd4ea99dc14212c7e09aaa157a"}
,"E:\\2024\\02\\PT Elang\\Job-Portal\\server\\src\\routes\\index.js": {"path":"E:\\2024\\02\\PT Elang\\Job-Portal\\server\\src\\routes\\index.js","statementMap":{"0":{"start":{"line":1,"column":16},"end":{"line":1,"column":34}},"1":{"start":{"line":2,"column":19},"end":{"line":2,"column":42}},"2":{"start":{"line":4,"column":15},"end":{"line":4,"column":31}},"3":{"start":{"line":6,"column":0},"end":{"line":8,"column":3}},"4":{"start":{"line":7,"column":5},"end":{"line":7,"column":30}},"5":{"start":{"line":10,"column":0},"end":{"line":10,"column":36}},"6":{"start":{"line":12,"column":0},"end":{"line":12,"column":24}}},"fnMap":{"0":{"name":"(anonymous_0)","decl":{"start":{"line":6,"column":16},"end":{"line":6,"column":17}},"loc":{"start":{"line":6,"column":30},"end":{"line":8,"column":1}},"line":6}},"branchMap":{},"s":{"0":1,"1":1,"2":1,"3":1,"4":1,"5":1,"6":1},"f":{"0":1},"b":{},"_coverageSchema":"1a1c01bbd47fc00a2c39e90264f33305004495a9","hash":"449a1322bac0e8f12fa82a68507b04a967eb9bcf"}
,"E:\\2024\\02\\PT Elang\\Job-Portal\\server\\src\\routes\\userRouter.js": {"path":"E:\\2024\\02\\PT Elang\\Job-Portal\\server\\src\\routes\\userRouter.js","statementMap":{"0":{"start":{"line":1,"column":16},"end":{"line":1,"column":34}},"1":{"start":{"line":2,"column":22},"end":{"line":2,"column":62}},"2":{"start":{"line":4,"column":15},"end":{"line":4,"column":31}},"3":{"start":{"line":6,"column":0},"end":{"line":8,"column":3}},"4":{"start":{"line":7,"column":5},"end":{"line":7,"column":47}},"5":{"start":{"line":10,"column":0},"end":{"line":10,"column":49}},"6":{"start":{"line":12,"column":0},"end":{"line":12,"column":24}}},"fnMap":{"0":{"name":"(anonymous_0)","decl":{"start":{"line":6,"column":16},"end":{"line":6,"column":17}},"loc":{"start":{"line":6,"column":30},"end":{"line":8,"column":1}},"line":6}},"branchMap":{},"s":{"0":1,"1":1,"2":1,"3":1,"4":0,"5":1,"6":1},"f":{"0":0},"b":{},"_coverageSchema":"1a1c01bbd47fc00a2c39e90264f33305004495a9","hash":"186a644d9cee4654f9a9d71b3bfab176dcfc7589"}
,"E:\\2024\\02\\PT Elang\\Job-Portal\\server\\src\\utilities\\logging.js": {"path":"E:\\2024\\02\\PT Elang\\Job-Portal\\server\\src\\utilities\\logging.js","statementMap":{"0":{"start":{"line":1,"column":45},"end":{"line":1,"column":63}},"1":{"start":{"line":2,"column":24},"end":{"line":2,"column":60}},"2":{"start":{"line":4,"column":21},"end":{"line":12,"column":1}},"3":{"start":{"line":9,"column":10},"end":{"line":9,"column":58}},"4":{"start":{"line":14,"column":19},"end":{"line":22,"column":1}},"5":{"start":{"line":19,"column":10},"end":{"line":19,"column":55}},"6":{"start":{"line":24,"column":25},"end":{"line":26,"column":2}},"7":{"start":{"line":28,"column":22},"end":{"line":33,"column":2}},"8":{"start":{"line":35,"column":15},"end":{"line":39,"column":2}},"9":{"start":{"line":41,"column":0},"end":{"line":41,"column":24}}},"fnMap":{"0":{"name":"(anonymous_0)","decl":{"start":{"line":8,"column":19},"end":{"line":8,"column":20}},"loc":{"start":{"line":8,"column":54},"end":{"line":10,"column":6}},"line":8},"1":{"name":"(anonymous_1)","decl":{"start":{"line":18,"column":19},"end":{"line":18,"column":20}},"loc":{"start":{"line":18,"column":54},"end":{"line":20,"column":6}},"line":18}},"branchMap":{},"s":{"0":1,"1":1,"2":1,"3":0,"4":1,"5":0,"6":1,"7":1,"8":1,"9":1},"f":{"0":0,"1":0},"b":{},"_coverageSchema":"1a1c01bbd47fc00a2c39e90264f33305004495a9","hash":"60e6be275374b7f99b30d7020a39cdce1266f1e2"}
,"E:\\2024\\02\\PT Elang\\Job-Portal\\server\\src\\utilities\\mongoose.js": {"path":"E:\\2024\\02\\PT Elang\\Job-Portal\\server\\src\\utilities\\mongoose.js","statementMap":{"0":{"start":{"line":1,"column":17},"end":{"line":1,"column":36}},"1":{"start":{"line":2,"column":15},"end":{"line":2,"column":35}},"2":{"start":{"line":5,"column":14},"end":{"line":5,"column":34}},"3":{"start":{"line":7,"column":25},"end":{"line":14,"column":1}},"4":{"start":{"line":8,"column":5},"end":{"line":13,"column":6}},"5":{"start":{"line":9,"column":10},"end":{"line":9,"column":40}},"6":{"start":{"line":10,"column":10},"end":{"line":10,"column":36}},"7":{"start":{"line":12,"column":10},"end":{"line":12,"column":29}},"8":{"start":{"line":15,"column":0},"end":{"line":15,"column":19}},"9":{"start":{"line":17,"column":11},"end":{"line":17,"column":30}},"10":{"start":{"line":18,"column":0},"end":{"line":18,"column":64}},"11":{"start":{"line":19,"column":0},"end":{"line":21,"column":3}},"12":{"start":{"line":20,"column":5},"end":{"line":20,"column":39}},"13":{"start":{"line":23,"column":0},"end":{"line":23,"column":20}}},"fnMap":{"0":{"name":"(anonymous_0)","decl":{"start":{"line":7,"column":25},"end":{"line":7,"column":26}},"loc":{"start":{"line":7,"column":37},"end":{"line":14,"column":1}},"line":7},"1":{"name":"(anonymous_1)","decl":{"start":{"line":19,"column":16},"end":{"line":19,"column":17}},"loc":{"start":{"line":19,"column":22},"end":{"line":21,"column":1}},"line":19}},"branchMap":{},"s":{"0":1,"1":1,"2":1,"3":1,"4":1,"5":1,"6":0,"7":0,"8":1,"9":1,"10":1,"11":1,"12":0,"13":1},"f":{"0":1,"1":0},"b":{},"_coverageSchema":"1a1c01bbd47fc00a2c39e90264f33305004495a9","hash":"a2b9a78723e6d2e2921da39ecab26d9dbef08b57"}
,"E:\\2024\\02\\PT Elang\\Job-Portal\\server\\src\\utilities\\responseError.js": {"path":"E:\\2024\\02\\PT Elang\\Job-Portal\\server\\src\\utilities\\responseError.js","statementMap":{"0":{"start":{"line":3,"column":4},"end":{"line":3,"column":19}},"1":{"start":{"line":4,"column":4},"end":{"line":4,"column":25}},"2":{"start":{"line":8,"column":0},"end":{"line":8,"column":31}}},"fnMap":{"0":{"name":"(anonymous_0)","decl":{"start":{"line":2,"column":2},"end":{"line":2,"column":3}},"loc":{"start":{"line":2,"column":31},"end":{"line":5,"column":3}},"line":2}},"branchMap":{},"s":{"0":1,"1":1,"2":1},"f":{"0":1},"b":{},"_coverageSchema":"1a1c01bbd47fc00a2c39e90264f33305004495a9","hash":"da74a7126333b3b5776f5b74517cdf4c4144b2ee"}
}
