TN:
SF:app.js
FN:26,(anonymous_0)
FNF:1
FNH:1
FNDA:1,(anonymous_0)
DA:1,2
DA:2,2
DA:3,2
DA:4,2
DA:5,2
DA:6,2
DA:7,2
DA:8,2
DA:9,2
DA:11,2
DA:13,2
DA:14,2
DA:15,2
DA:16,2
DA:18,2
DA:24,2
DA:26,2
DA:27,1
DA:28,1
DA:30,2
DA:32,2
LF:21
LH:21
BRF:0
BRH:0
end_of_record
TN:
SF:src\controllers\userController.js
FN:3,(anonymous_0)
FN:24,(anonymous_1)
FNF:2
FNH:2
FNDA:3,(anonymous_0)
FNDA:2,(anonymous_1)
DA:1,2
DA:3,2
DA:4,3
DA:5,3
DA:12,3
DA:14,1
DA:20,2
DA:24,2
DA:25,2
DA:26,2
DA:31,2
DA:33,1
DA:44,1
DA:48,2
LF:14
LH:14
BRF:0
BRH:0
end_of_record
TN:
SF:src\middlewares\errorMidleware.js
FN:3,(anonymous_0)
FNF:1
FNH:1
FNDA:4,(anonymous_0)
DA:1,2
DA:3,2
DA:4,4
DA:5,4
DA:6,0
DA:7,0
DA:9,4
DA:10,4
DA:15,0
DA:21,0
DA:25,2
LF:11
LH:7
BRDA:5,0,0,0
BRDA:5,0,1,4
BRDA:9,1,0,4
BRDA:9,1,1,0
BRF:4
BRH:2
end_of_record
TN:
SF:src\models\userModel.js
FNF:0
FNH:0
DA:1,2
DA:3,2
DA:5,2
DA:28,2
LF:4
LH:4
BRF:0
BRH:0
end_of_record
TN:
SF:src\repositories\userRepository.js
FN:3,(anonymous_0)
FN:8,(anonymous_1)
FNF:2
FNH:2
FNDA:4,(anonymous_0)
FNDA:1,(anonymous_1)
DA:1,2
DA:3,2
DA:4,4
DA:5,4
DA:8,2
DA:9,1
DA:10,1
DA:13,2
LF:8
LH:8
BRF:0
BRH:0
end_of_record
TN:
SF:src\routes\index.js
FN:6,(anonymous_0)
FNF:1
FNH:1
FNDA:1,(anonymous_0)
DA:1,2
DA:2,2
DA:4,2
DA:6,2
DA:7,1
DA:10,2
DA:12,2
LF:7
LH:7
BRF:0
BRH:0
end_of_record
TN:
SF:src\routes\userRouter.js
FNF:0
FNH:0
DA:1,2
DA:2,2
DA:4,2
DA:6,2
DA:7,2
DA:9,2
LF:6
LH:6
BRF:0
BRH:0
end_of_record
TN:
SF:src\services\userService.js
FN:11,(anonymous_0)
FN:31,(anonymous_1)
FNF:2
FNH:2
FNDA:3,(anonymous_0)
FNDA:2,(anonymous_1)
DA:1,2
DA:2,2
DA:3,2
DA:4,2
DA:5,2
DA:6,2
DA:8,2
DA:9,2
DA:11,2
DA:12,3
DA:14,2
DA:15,2
DA:16,1
DA:19,1
DA:20,1
DA:22,1
DA:28,1
DA:31,2
DA:32,2
DA:34,2
DA:35,2
DA:36,0
DA:39,2
DA:43,2
DA:44,1
DA:47,1
DA:58,1
DA:62,1
DA:65,2
LF:29
LH:28
BRDA:15,0,0,1
BRDA:15,0,1,1
BRDA:35,1,0,0
BRDA:35,1,1,2
BRDA:43,2,0,1
BRDA:43,2,1,1
BRF:6
BRH:5
end_of_record
TN:
SF:src\utilities\logging.js
FN:8,(anonymous_0)
FN:18,(anonymous_1)
FNF:2
FNH:2
FNDA:2,(anonymous_0)
FNDA:2,(anonymous_1)
DA:1,2
DA:2,2
DA:4,2
DA:9,2
DA:14,2
DA:19,2
DA:24,2
DA:28,2
DA:35,2
DA:41,2
LF:10
LH:10
BRF:0
BRH:0
end_of_record
TN:
SF:src\utilities\mongoose.js
FN:7,(anonymous_0)
FN:19,(anonymous_1)
FNF:2
FNH:2
FNDA:2,(anonymous_0)
FNDA:1,(anonymous_1)
DA:1,2
DA:2,2
DA:5,2
DA:7,2
DA:8,2
DA:9,2
DA:10,1
DA:12,0
DA:15,2
DA:17,2
DA:18,2
DA:19,2
DA:20,1
DA:23,2
LF:14
LH:13
BRF:0
BRH:0
end_of_record
TN:
SF:src\utilities\responseError.js
FN:2,(anonymous_0)
FNF:1
FNH:1
FNDA:4,(anonymous_0)
DA:3,4
DA:4,4
DA:8,2
LF:3
LH:3
BRF:0
BRH:0
end_of_record
TN:
SF:src\utilities\validation.js
FN:3,(anonymous_0)
FNF:1
FNH:1
FNDA:5,(anonymous_0)
DA:1,2
DA:3,2
DA:4,5
DA:8,5
DA:9,1
DA:11,4
DA:15,2
LF:7
LH:7
BRDA:8,0,0,1
BRDA:8,0,1,4
BRF:2
BRH:2
end_of_record
TN:
SF:src\validations\userValidation.js
FNF:0
FNH:0
DA:1,2
DA:3,2
DA:10,2
DA:15,2
LF:4
LH:4
BRF:0
BRH:0
end_of_record
TN:
SF:test\utility.js
FN:11,(anonymous_0)
FN:16,(anonymous_1)
FNF:2
FNH:2
FNDA:2,(anonymous_0)
FNDA:3,(anonymous_1)
DA:1,1
DA:2,1
DA:4,1
DA:11,1
DA:12,2
DA:13,2
DA:16,1
DA:17,3
DA:20,1
LF:9
LH:9
BRF:0
BRH:0
end_of_record
