TN:
SF:app.js
FN:24,(anonymous_0)
FNF:1
FNH:1
FNDA:1,(anonymous_0)
DA:1,1
DA:2,1
DA:3,1
DA:4,1
DA:5,1
DA:6,1
DA:7,1
DA:8,1
DA:10,1
DA:12,1
DA:13,1
DA:14,1
DA:20,1
DA:22,1
DA:24,1
DA:25,1
DA:26,1
DA:28,1
DA:30,1
LF:19
LH:19
BRF:0
BRH:0
end_of_record
TN:
SF:src\controllers\userController.js
FN:3,(anonymous_0)
FNF:1
FNH:0
FNDA:0,(anonymous_0)
DA:1,1
DA:3,1
DA:4,0
DA:5,0
DA:12,0
DA:14,0
DA:16,0
DA:22,0
DA:26,1
LF:9
LH:3
BRF:0
BRH:0
end_of_record
TN:
SF:src\middlewares\errorMidleware.js
FN:3,(anonymous_0)
FNF:1
FNH:1
FNDA:1,(anonymous_0)
DA:1,1
DA:3,1
DA:4,1
DA:5,1
DA:6,0
DA:7,0
DA:9,1
DA:10,1
DA:15,0
DA:21,0
DA:25,1
LF:11
LH:7
BRDA:5,0,0,0
BRDA:5,0,1,1
BRDA:9,1,0,1
BRDA:9,1,1,0
BRF:4
BRH:2
end_of_record
TN:
SF:src\models\userModel.js
FNF:0
FNH:0
DA:1,1
DA:3,1
DA:5,1
DA:27,1
LF:4
LH:4
BRF:0
BRH:0
end_of_record
TN:
SF:src\routes\index.js
FN:6,(anonymous_0)
FNF:1
FNH:1
FNDA:1,(anonymous_0)
DA:1,1
DA:2,1
DA:4,1
DA:6,1
DA:7,1
DA:10,1
DA:12,1
LF:7
LH:7
BRF:0
BRH:0
end_of_record
TN:
SF:src\routes\userRouter.js
FN:6,(anonymous_0)
FNF:1
FNH:0
FNDA:0,(anonymous_0)
DA:1,1
DA:2,1
DA:4,1
DA:6,1
DA:7,0
DA:10,1
DA:12,1
LF:7
LH:6
BRF:0
BRH:0
end_of_record
TN:
SF:src\utilities\logging.js
FN:8,(anonymous_0)
FN:18,(anonymous_1)
FNF:2
FNH:0
FNDA:0,(anonymous_0)
FNDA:0,(anonymous_1)
DA:1,1
DA:2,1
DA:4,1
DA:9,0
DA:14,1
DA:19,0
DA:24,1
DA:28,1
DA:35,1
DA:41,1
LF:10
LH:8
BRF:0
BRH:0
end_of_record
TN:
SF:src\utilities\mongoose.js
FN:7,(anonymous_0)
FN:19,(anonymous_1)
FNF:2
FNH:1
FNDA:1,(anonymous_0)
FNDA:0,(anonymous_1)
DA:1,1
DA:2,1
DA:5,1
DA:7,1
DA:8,1
DA:9,1
DA:10,0
DA:12,0
DA:15,1
DA:17,1
DA:18,1
DA:19,1
DA:20,0
DA:23,1
LF:14
LH:11
BRF:0
BRH:0
end_of_record
TN:
SF:src\utilities\responseError.js
FN:2,(anonymous_0)
FNF:1
FNH:1
FNDA:1,(anonymous_0)
DA:3,1
DA:4,1
DA:8,1
LF:3
LH:3
BRF:0
BRH:0
end_of_record
